2025-06-08 00:06:53 - Starting setup
Docker already installed
Creating disk file docker_data/disk.img
Pulling Docker image nginx:latest
Cannot connect to the Docker daemon at unix:///var/run/docker.sock. Is the docker daemon running?
2025-06-08 00:10:42 - Starting setup
Docker already installed
Creating disk file docker_data/disk.img
Pulling Docker image nginx:latest
latest: Pulling from library/nginx
61320b01ae5e: Pulling fs layer
670a101d432b: Pulling fs layer
405bd2df85b6: Pulling fs layer
cc80efff8457: Pulling fs layer
2b9310b2ee4b: Pulling fs layer
6c4aa022e8e1: Pulling fs layer
abddc69cb49d: Pulling fs layer
cc80efff8457: Waiting
6c4aa022e8e1: Waiting
abddc69cb49d: Waiting
2b9310b2ee4b: Waiting
405bd2df85b6: Verifying Checksum
405bd2df85b6: Download complete
cc80efff8457: Download complete
2b9310b2ee4b: Verifying Checksum
2b9310b2ee4b: Download complete
61320b01ae5e: Verifying Checksum
61320b01ae5e: Download complete
6c4aa022e8e1: Verifying Checksum
6c4aa022e8e1: Download complete
abddc69cb49d: Verifying Checksum
abddc69cb49d: Download complete
670a101d432b: Verifying Checksum
670a101d432b: Download complete
61320b01ae5e: Pull complete
670a101d432b: Pull complete
405bd2df85b6: Pull complete
cc80efff8457: Pull complete
2b9310b2ee4b: Pull complete
6c4aa022e8e1: Pull complete
abddc69cb49d: Pull complete
Digest: sha256:fb39280b7b9eba5727c884a3c7810002e69e8f961cc373b89c92f14961d903a0
Status: Downloaded newer image for nginx:latest
docker.io/library/nginx:latest
Starting container my-nginx
a98cbb9b9247d9149e9a613d56e9297764ae548de2436132809493eb98736302
2025-06-08 00:10:46 - Setup complete
2025-06-08 00:54:58 - Starting setup
Docker already installed
Creating disk file docker_data/disk.img
Pulling Docker image nginx:latest
latest: Pulling from library/nginx
61320b01ae5e: Pulling fs layer
670a101d432b: Pulling fs layer
405bd2df85b6: Pulling fs layer
cc80efff8457: Pulling fs layer
2b9310b2ee4b: Pulling fs layer
6c4aa022e8e1: Pulling fs layer
abddc69cb49d: Pulling fs layer
2b9310b2ee4b: Waiting
6c4aa022e8e1: Waiting
abddc69cb49d: Waiting
cc80efff8457: Waiting
405bd2df85b6: Verifying Checksum
405bd2df85b6: Download complete
cc80efff8457: Verifying Checksum
cc80efff8457: Download complete
2b9310b2ee4b: Verifying Checksum
2b9310b2ee4b: Download complete
61320b01ae5e: Verifying Checksum
61320b01ae5e: Download complete
6c4aa022e8e1: Verifying Checksum
6c4aa022e8e1: Download complete
abddc69cb49d: Verifying Checksum
abddc69cb49d: Download complete
670a101d432b: Verifying Checksum
670a101d432b: Download complete
61320b01ae5e: Pull complete
670a101d432b: Pull complete
405bd2df85b6: Pull complete
cc80efff8457: Pull complete
2b9310b2ee4b: Pull complete
6c4aa022e8e1: Pull complete
abddc69cb49d: Pull complete
Digest: sha256:fb39280b7b9eba5727c884a3c7810002e69e8f961cc373b89c92f14961d903a0
Status: Downloaded newer image for nginx:latest
docker.io/library/nginx:latest
Starting container my-nginx
6f362a326332fdd0e9a6756866c7cfec72420e3f49a92404f825d3a9a39b00ec
2025-06-08 00:55:02 - Setup complete
2025-06-08 02:55:42 - Starting setup
Docker already installed
Creating disk file docker_data/disk.img
Pulling Docker image nginx:latest
latest: Pulling from library/nginx
61320b01ae5e: Pulling fs layer
670a101d432b: Pulling fs layer
405bd2df85b6: Pulling fs layer
cc80efff8457: Pulling fs layer
2b9310b2ee4b: Pulling fs layer
6c4aa022e8e1: Pulling fs layer
abddc69cb49d: Pulling fs layer
cc80efff8457: Waiting
2b9310b2ee4b: Waiting
6c4aa022e8e1: Waiting
abddc69cb49d: Waiting
405bd2df85b6: Verifying Checksum
405bd2df85b6: Download complete
cc80efff8457: Verifying Checksum
cc80efff8457: Download complete
2b9310b2ee4b: Verifying Checksum
2b9310b2ee4b: Download complete
61320b01ae5e: Verifying Checksum
61320b01ae5e: Download complete
670a101d432b: Verifying Checksum
670a101d432b: Download complete
6c4aa022e8e1: Verifying Checksum
6c4aa022e8e1: Download complete
abddc69cb49d: Verifying Checksum
abddc69cb49d: Download complete
61320b01ae5e: Pull complete
670a101d432b: Pull complete
405bd2df85b6: Pull complete
cc80efff8457: Pull complete
2b9310b2ee4b: Pull complete
6c4aa022e8e1: Pull complete
abddc69cb49d: Pull complete
Digest: sha256:fb39280b7b9eba5727c884a3c7810002e69e8f961cc373b89c92f14961d903a0
Status: Downloaded newer image for nginx:latest
docker.io/library/nginx:latest
Starting container my-nginx
0e1f2571ff1e2085b7d397cec3dba379043103b099c7368924e824bdaad53633
2025-06-08 02:55:46 - Setup complete
2025-06-08 03:55:42 - Starting setup
Docker already installed
Creating disk file docker_data/disk.img
Pulling Docker image nginx:latest
latest: Pulling from library/nginx
61320b01ae5e: Pulling fs layer
670a101d432b: Pulling fs layer
405bd2df85b6: Pulling fs layer
cc80efff8457: Pulling fs layer
2b9310b2ee4b: Pulling fs layer
6c4aa022e8e1: Pulling fs layer
abddc69cb49d: Pulling fs layer
cc80efff8457: Waiting
2b9310b2ee4b: Waiting
6c4aa022e8e1: Waiting
abddc69cb49d: Waiting
405bd2df85b6: Verifying Checksum
405bd2df85b6: Download complete
61320b01ae5e: Verifying Checksum
61320b01ae5e: Download complete
cc80efff8457: Verifying Checksum
cc80efff8457: Download complete
670a101d432b: Download complete
2b9310b2ee4b: Verifying Checksum
2b9310b2ee4b: Download complete
6c4aa022e8e1: Download complete
abddc69cb49d: Verifying Checksum
abddc69cb49d: Download complete
61320b01ae5e: Pull complete
670a101d432b: Pull complete
405bd2df85b6: Pull complete
cc80efff8457: Pull complete
2b9310b2ee4b: Pull complete
6c4aa022e8e1: Pull complete
abddc69cb49d: Pull complete
Digest: sha256:fb39280b7b9eba5727c884a3c7810002e69e8f961cc373b89c92f14961d903a0
Status: Downloaded newer image for nginx:latest
docker.io/library/nginx:latest
Starting container my-nginx
62923521e365325671425ccef3c1524b273de53402b5bdde7b4d409fe8c7b375
2025-06-08 03:55:47 - Setup complete
2025-06-08 04:35:49 - Starting setup
Docker already installed
Creating disk file docker_data/disk.img
Pulling Docker image nginx:latest
latest: Pulling from library/nginx
61320b01ae5e: Pulling fs layer
670a101d432b: Pulling fs layer
405bd2df85b6: Pulling fs layer
cc80efff8457: Pulling fs layer
2b9310b2ee4b: Pulling fs layer
6c4aa022e8e1: Pulling fs layer
abddc69cb49d: Pulling fs layer
2b9310b2ee4b: Waiting
6c4aa022e8e1: Waiting
405bd2df85b6: Verifying Checksum
405bd2df85b6: Download complete
61320b01ae5e: Verifying Checksum
61320b01ae5e: Download complete
cc80efff8457: Verifying Checksum
cc80efff8457: Download complete
670a101d432b: Verifying Checksum
670a101d432b: Download complete
2b9310b2ee4b: Verifying Checksum
2b9310b2ee4b: Download complete
6c4aa022e8e1: Verifying Checksum
6c4aa022e8e1: Download complete
abddc69cb49d: Verifying Checksum
abddc69cb49d: Download complete
61320b01ae5e: Pull complete
670a101d432b: Pull complete
405bd2df85b6: Pull complete
cc80efff8457: Pull complete
2b9310b2ee4b: Pull complete
6c4aa022e8e1: Pull complete
abddc69cb49d: Pull complete
Digest: sha256:fb39280b7b9eba5727c884a3c7810002e69e8f961cc373b89c92f14961d903a0
Status: Downloaded newer image for nginx:latest
docker.io/library/nginx:latest
Starting container my-nginx
5562a6b5261ddba8716b68dce7469cf76fcfaca8c1dd33798d4987a8cf63bc49
2025-06-08 04:35:56 - Setup complete
2025-06-08 05:25:01 - Starting setup
Docker already installed
Creating disk file docker_data/disk.img
Pulling Docker image nginx:latest
latest: Pulling from library/nginx
61320b01ae5e: Pulling fs layer
670a101d432b: Pulling fs layer
405bd2df85b6: Pulling fs layer
cc80efff8457: Pulling fs layer
2b9310b2ee4b: Pulling fs layer
6c4aa022e8e1: Pulling fs layer
abddc69cb49d: Pulling fs layer
2b9310b2ee4b: Waiting
6c4aa022e8e1: Waiting
abddc69cb49d: Waiting
cc80efff8457: Waiting
405bd2df85b6: Download complete
cc80efff8457: Download complete
61320b01ae5e: Verifying Checksum
61320b01ae5e: Download complete
670a101d432b: Verifying Checksum
670a101d432b: Download complete
6c4aa022e8e1: Verifying Checksum
6c4aa022e8e1: Download complete
2b9310b2ee4b: Download complete
abddc69cb49d: Verifying Checksum
abddc69cb49d: Download complete
61320b01ae5e: Pull complete
670a101d432b: Pull complete
405bd2df85b6: Pull complete
cc80efff8457: Pull complete
2b9310b2ee4b: Pull complete
6c4aa022e8e1: Pull complete
abddc69cb49d: Pull complete
Digest: sha256:fb39280b7b9eba5727c884a3c7810002e69e8f961cc373b89c92f14961d903a0
Status: Downloaded newer image for nginx:latest
docker.io/library/nginx:latest
Starting container my-nginx
13e4d1d6b4c60ec28cbc0748c8c60cbef700e30f69129d293339fd1c1f554785
2025-06-08 05:25:05 - Setup complete
2025-06-08 06:34:30 - Starting setup
Docker already installed
Creating disk file docker_data/disk.img
Pulling Docker image nginx:latest
latest: Pulling from library/nginx
61320b01ae5e: Pulling fs layer
670a101d432b: Pulling fs layer
405bd2df85b6: Pulling fs layer
cc80efff8457: Pulling fs layer
2b9310b2ee4b: Pulling fs layer
6c4aa022e8e1: Pulling fs layer
abddc69cb49d: Pulling fs layer
2b9310b2ee4b: Waiting
abddc69cb49d: Waiting
cc80efff8457: Waiting
6c4aa022e8e1: Waiting
405bd2df85b6: Verifying Checksum
405bd2df85b6: Download complete
61320b01ae5e: Verifying Checksum
61320b01ae5e: Download complete
cc80efff8457: Download complete
670a101d432b: Verifying Checksum
670a101d432b: Download complete
2b9310b2ee4b: Verifying Checksum
2b9310b2ee4b: Download complete
6c4aa022e8e1: Verifying Checksum
6c4aa022e8e1: Download complete
abddc69cb49d: Verifying Checksum
abddc69cb49d: Download complete
61320b01ae5e: Pull complete
670a101d432b: Pull complete
405bd2df85b6: Pull complete
cc80efff8457: Pull complete
2b9310b2ee4b: Pull complete
6c4aa022e8e1: Pull complete
abddc69cb49d: Pull complete
Digest: sha256:fb39280b7b9eba5727c884a3c7810002e69e8f961cc373b89c92f14961d903a0
Status: Downloaded newer image for nginx:latest
docker.io/library/nginx:latest
Starting container my-nginx
6bc2c07879abfdfa07d5ea80cdf6ddec3120f83995dc71420655c0b05255ea70
2025-06-08 06:34:37 - Setup complete
2025-06-08 07:21:50 - Starting setup
Docker already installed
Creating disk file docker_data/disk.img
Pulling Docker image nginx:latest
latest: Pulling from library/nginx
61320b01ae5e: Pulling fs layer
670a101d432b: Pulling fs layer
405bd2df85b6: Pulling fs layer
cc80efff8457: Pulling fs layer
2b9310b2ee4b: Pulling fs layer
6c4aa022e8e1: Pulling fs layer
abddc69cb49d: Pulling fs layer
cc80efff8457: Waiting
2b9310b2ee4b: Waiting
6c4aa022e8e1: Waiting
abddc69cb49d: Waiting
405bd2df85b6: Verifying Checksum
405bd2df85b6: Download complete
61320b01ae5e: Verifying Checksum
61320b01ae5e: Download complete
670a101d432b: Verifying Checksum
670a101d432b: Download complete
cc80efff8457: Verifying Checksum
cc80efff8457: Download complete
2b9310b2ee4b: Download complete
6c4aa022e8e1: Verifying Checksum
6c4aa022e8e1: Download complete
abddc69cb49d: Verifying Checksum
abddc69cb49d: Download complete
61320b01ae5e: Pull complete
670a101d432b: Pull complete
405bd2df85b6: Pull complete
cc80efff8457: Pull complete
2b9310b2ee4b: Pull complete
6c4aa022e8e1: Pull complete
abddc69cb49d: Pull complete
Digest: sha256:fb39280b7b9eba5727c884a3c7810002e69e8f961cc373b89c92f14961d903a0
Status: Downloaded newer image for nginx:latest
docker.io/library/nginx:latest
Starting container my-nginx
048c5050c002d25c18826c5941dc0a753091022e26441ef4c3e5f463946a6b96
2025-06-08 07:21:55 - Setup complete
2025-06-08 08:29:32 - Starting setup
Docker already installed
Creating disk file docker_data/disk.img
Pulling Docker image nginx:latest
latest: Pulling from library/nginx
61320b01ae5e: Pulling fs layer
670a101d432b: Pulling fs layer
405bd2df85b6: Pulling fs layer
cc80efff8457: Pulling fs layer
2b9310b2ee4b: Pulling fs layer
6c4aa022e8e1: Pulling fs layer
abddc69cb49d: Pulling fs layer
cc80efff8457: Waiting
2b9310b2ee4b: Waiting
6c4aa022e8e1: Waiting
abddc69cb49d: Waiting
405bd2df85b6: Verifying Checksum
405bd2df85b6: Download complete
cc80efff8457: Verifying Checksum
cc80efff8457: Download complete
61320b01ae5e: Verifying Checksum
61320b01ae5e: Download complete
670a101d432b: Verifying Checksum
670a101d432b: Download complete
2b9310b2ee4b: Verifying Checksum
2b9310b2ee4b: Download complete
6c4aa022e8e1: Verifying Checksum
6c4aa022e8e1: Download complete
61320b01ae5e: Pull complete
670a101d432b: Pull complete
405bd2df85b6: Pull complete
cc80efff8457: Pull complete
2b9310b2ee4b: Pull complete
6c4aa022e8e1: Pull complete
abddc69cb49d: Pull complete
Digest: sha256:fb39280b7b9eba5727c884a3c7810002e69e8f961cc373b89c92f14961d903a0
Status: Downloaded newer image for nginx:latest
docker.io/library/nginx:latest
Starting container my-nginx
c2e98a40c9cf1a38ed336d6dc67ee76125adae51dbccb80aa76af334a4ac47fc
2025-06-08 08:29:36 - Setup complete
2025-06-08 09:24:11 - Starting setup
Docker already installed
Creating disk file docker_data/disk.img
Pulling Docker image nginx:latest
latest: Pulling from library/nginx
61320b01ae5e: Pulling fs layer
670a101d432b: Pulling fs layer
405bd2df85b6: Pulling fs layer
cc80efff8457: Pulling fs layer
2b9310b2ee4b: Pulling fs layer
6c4aa022e8e1: Pulling fs layer
abddc69cb49d: Pulling fs layer
cc80efff8457: Waiting
2b9310b2ee4b: Waiting
6c4aa022e8e1: Waiting
abddc69cb49d: Waiting
405bd2df85b6: Verifying Checksum
405bd2df85b6: Download complete
61320b01ae5e: Download complete
670a101d432b: Verifying Checksum
670a101d432b: Download complete
cc80efff8457: Download complete
2b9310b2ee4b: Verifying Checksum
2b9310b2ee4b: Download complete
6c4aa022e8e1: Verifying Checksum
6c4aa022e8e1: Download complete
abddc69cb49d: Verifying Checksum
abddc69cb49d: Download complete
61320b01ae5e: Pull complete
670a101d432b: Pull complete
405bd2df85b6: Pull complete
cc80efff8457: Pull complete
2b9310b2ee4b: Pull complete
6c4aa022e8e1: Pull complete
abddc69cb49d: Pull complete
Digest: sha256:fb39280b7b9eba5727c884a3c7810002e69e8f961cc373b89c92f14961d903a0
Status: Downloaded newer image for nginx:latest
docker.io/library/nginx:latest
Starting container my-nginx
9e844f91b856f736e722a799349357d9dde92a3a0ddf8683183d7d59f058455c
2025-06-08 09:24:18 - Setup complete
2025-06-08 10:24:27 - Starting setup
Docker already installed
Creating disk file docker_data/disk.img
Pulling Docker image nginx:latest
latest: Pulling from library/nginx
61320b01ae5e: Pulling fs layer
670a101d432b: Pulling fs layer
405bd2df85b6: Pulling fs layer
cc80efff8457: Pulling fs layer
2b9310b2ee4b: Pulling fs layer
6c4aa022e8e1: Pulling fs layer
abddc69cb49d: Pulling fs layer
2b9310b2ee4b: Waiting
6c4aa022e8e1: Waiting
abddc69cb49d: Waiting
cc80efff8457: Waiting
405bd2df85b6: Verifying Checksum
405bd2df85b6: Download complete
cc80efff8457: Verifying Checksum
cc80efff8457: Download complete
670a101d432b: Verifying Checksum
670a101d432b: Download complete
2b9310b2ee4b: Verifying Checksum
2b9310b2ee4b: Download complete
61320b01ae5e: Verifying Checksum
61320b01ae5e: Download complete
abddc69cb49d: Verifying Checksum
abddc69cb49d: Download complete
6c4aa022e8e1: Verifying Checksum
6c4aa022e8e1: Download complete
61320b01ae5e: Pull complete
670a101d432b: Pull complete
405bd2df85b6: Pull complete
cc80efff8457: Pull complete
2b9310b2ee4b: Pull complete
6c4aa022e8e1: Pull complete
abddc69cb49d: Pull complete
Digest: sha256:fb39280b7b9eba5727c884a3c7810002e69e8f961cc373b89c92f14961d903a0
Status: Downloaded newer image for nginx:latest
docker.io/library/nginx:latest
Starting container my-nginx
4cd14f7bf5acd7127290981441ba41934e1f369d2a4883e37aa7d8addfbd82c5
2025-06-08 10:24:31 - Setup complete
2025-06-08 11:18:38 - Starting setup
Docker already installed
Creating disk file docker_data/disk.img
Pulling Docker image nginx:latest
latest: Pulling from library/nginx
61320b01ae5e: Pulling fs layer
670a101d432b: Pulling fs layer
405bd2df85b6: Pulling fs layer
cc80efff8457: Pulling fs layer
2b9310b2ee4b: Pulling fs layer
6c4aa022e8e1: Pulling fs layer
abddc69cb49d: Pulling fs layer
cc80efff8457: Waiting
2b9310b2ee4b: Waiting
6c4aa022e8e1: Waiting
abddc69cb49d: Waiting
405bd2df85b6: Download complete
61320b01ae5e: Verifying Checksum
61320b01ae5e: Download complete
670a101d432b: Verifying Checksum
670a101d432b: Download complete
cc80efff8457: Verifying Checksum
cc80efff8457: Download complete
2b9310b2ee4b: Download complete
6c4aa022e8e1: Verifying Checksum
6c4aa022e8e1: Download complete
abddc69cb49d: Verifying Checksum
abddc69cb49d: Download complete
61320b01ae5e: Pull complete
670a101d432b: Pull complete
405bd2df85b6: Pull complete
cc80efff8457: Pull complete
2b9310b2ee4b: Pull complete
6c4aa022e8e1: Pull complete
abddc69cb49d: Pull complete
Digest: sha256:fb39280b7b9eba5727c884a3c7810002e69e8f961cc373b89c92f14961d903a0
Status: Downloaded newer image for nginx:latest
docker.io/library/nginx:latest
Starting container my-nginx
4b028ce233bad3faa34073b18174d7f3b099ade04c2267e2eeb6b9e3d2536668
2025-06-08 11:18:43 - Setup complete
2025-06-08 12:47:00 - Starting setup
Docker already installed
Creating disk file docker_data/disk.img
Pulling Docker image nginx:latest
latest: Pulling from library/nginx
61320b01ae5e: Pulling fs layer
670a101d432b: Pulling fs layer
405bd2df85b6: Pulling fs layer
cc80efff8457: Pulling fs layer
2b9310b2ee4b: Pulling fs layer
6c4aa022e8e1: Pulling fs layer
abddc69cb49d: Pulling fs layer
cc80efff8457: Waiting
2b9310b2ee4b: Waiting
abddc69cb49d: Waiting
6c4aa022e8e1: Waiting
405bd2df85b6: Download complete
cc80efff8457: Verifying Checksum
cc80efff8457: Download complete
2b9310b2ee4b: Download complete
61320b01ae5e: Verifying Checksum
61320b01ae5e: Download complete
6c4aa022e8e1: Verifying Checksum
6c4aa022e8e1: Download complete
670a101d432b: Verifying Checksum
670a101d432b: Download complete
abddc69cb49d: Download complete
61320b01ae5e: Pull complete
670a101d432b: Pull complete
405bd2df85b6: Pull complete
cc80efff8457: Pull complete
2b9310b2ee4b: Pull complete
6c4aa022e8e1: Pull complete
abddc69cb49d: Pull complete
Digest: sha256:fb39280b7b9eba5727c884a3c7810002e69e8f961cc373b89c92f14961d903a0
Status: Downloaded newer image for nginx:latest
docker.io/library/nginx:latest
Starting container my-nginx
ab2d3c8b61d18237aab802e7cbe9d697146afa5b52c0dd420e72702b2e196858
2025-06-08 12:47:04 - Setup complete
2025-06-08 13:30:38 - Starting setup
Docker already installed
Creating disk file docker_data/disk.img
Pulling Docker image nginx:latest
latest: Pulling from library/nginx
61320b01ae5e: Pulling fs layer
670a101d432b: Pulling fs layer
405bd2df85b6: Pulling fs layer
cc80efff8457: Pulling fs layer
2b9310b2ee4b: Pulling fs layer
6c4aa022e8e1: Pulling fs layer
abddc69cb49d: Pulling fs layer
2b9310b2ee4b: Waiting
6c4aa022e8e1: Waiting
abddc69cb49d: Waiting
cc80efff8457: Waiting
405bd2df85b6: Verifying Checksum
405bd2df85b6: Download complete
cc80efff8457: Verifying Checksum
cc80efff8457: Download complete
61320b01ae5e: Verifying Checksum
61320b01ae5e: Download complete
2b9310b2ee4b: Verifying Checksum
2b9310b2ee4b: Download complete
abddc69cb49d: Verifying Checksum
abddc69cb49d: Download complete
670a101d432b: Download complete
6c4aa022e8e1: Download complete
61320b01ae5e: Pull complete
670a101d432b: Pull complete
405bd2df85b6: Pull complete
cc80efff8457: Pull complete
2b9310b2ee4b: Pull complete
6c4aa022e8e1: Pull complete
abddc69cb49d: Pull complete
Digest: sha256:fb39280b7b9eba5727c884a3c7810002e69e8f961cc373b89c92f14961d903a0
Status: Downloaded newer image for nginx:latest
docker.io/library/nginx:latest
Starting container my-nginx
d19f5492b49fd26dcadc92a59ac2946a5dc929b495c44b8f7fb15f69c311cac9
2025-06-08 13:30:42 - Setup complete
2025-06-08 14:20:44 - Starting setup
Docker already installed
Creating disk file docker_data/disk.img
Pulling Docker image nginx:latest
latest: Pulling from library/nginx
61320b01ae5e: Pulling fs layer
670a101d432b: Pulling fs layer
405bd2df85b6: Pulling fs layer
cc80efff8457: Pulling fs layer
2b9310b2ee4b: Pulling fs layer
6c4aa022e8e1: Pulling fs layer
abddc69cb49d: Pulling fs layer
2b9310b2ee4b: Waiting
6c4aa022e8e1: Waiting
abddc69cb49d: Waiting
cc80efff8457: Waiting
405bd2df85b6: Verifying Checksum
405bd2df85b6: Download complete
cc80efff8457: Verifying Checksum
cc80efff8457: Download complete
2b9310b2ee4b: Verifying Checksum
2b9310b2ee4b: Download complete
61320b01ae5e: Verifying Checksum
61320b01ae5e: Download complete
6c4aa022e8e1: Verifying Checksum
6c4aa022e8e1: Download complete
670a101d432b: Verifying Checksum
670a101d432b: Download complete
abddc69cb49d: Verifying Checksum
abddc69cb49d: Download complete
61320b01ae5e: Pull complete
670a101d432b: Pull complete
405bd2df85b6: Pull complete
cc80efff8457: Pull complete
2b9310b2ee4b: Pull complete
6c4aa022e8e1: Pull complete
abddc69cb49d: Pull complete
Digest: sha256:fb39280b7b9eba5727c884a3c7810002e69e8f961cc373b89c92f14961d903a0
Status: Downloaded newer image for nginx:latest
docker.io/library/nginx:latest
Starting container my-nginx
5f101895715bf4d6a0b0e8b7d3c563c6fa3c96c8bb35847632a29cdb5ea3a959
2025-06-08 14:20:48 - Setup complete
2025-06-08 15:26:30 - Starting setup
Docker already installed
Creating disk file docker_data/disk.img
Pulling Docker image nginx:latest
latest: Pulling from library/nginx
61320b01ae5e: Pulling fs layer
670a101d432b: Pulling fs layer
405bd2df85b6: Pulling fs layer
cc80efff8457: Pulling fs layer
2b9310b2ee4b: Pulling fs layer
6c4aa022e8e1: Pulling fs layer
abddc69cb49d: Pulling fs layer
2b9310b2ee4b: Waiting
6c4aa022e8e1: Waiting
abddc69cb49d: Waiting
cc80efff8457: Waiting
405bd2df85b6: Verifying Checksum
405bd2df85b6: Download complete
61320b01ae5e: Verifying Checksum
61320b01ae5e: Download complete
670a101d432b: Verifying Checksum
670a101d432b: Download complete
cc80efff8457: Verifying Checksum
cc80efff8457: Download complete
2b9310b2ee4b: Verifying Checksum
2b9310b2ee4b: Download complete
6c4aa022e8e1: Verifying Checksum
6c4aa022e8e1: Download complete
abddc69cb49d: Verifying Checksum
abddc69cb49d: Download complete
61320b01ae5e: Pull complete
670a101d432b: Pull complete
405bd2df85b6: Pull complete
cc80efff8457: Pull complete
2b9310b2ee4b: Pull complete
6c4aa022e8e1: Pull complete
abddc69cb49d: Pull complete
Digest: sha256:fb39280b7b9eba5727c884a3c7810002e69e8f961cc373b89c92f14961d903a0
Status: Downloaded newer image for nginx:latest
docker.io/library/nginx:latest
Starting container my-nginx
0aead32f46306e1e6c617d227248eb18eaa9a11679df8e24397bd0461bbc003f
2025-06-08 15:26:35 - Setup complete
2025-06-08 16:28:05 - Starting setup
Docker already installed
Creating disk file docker_data/disk.img
Pulling Docker image nginx:latest
latest: Pulling from library/nginx
61320b01ae5e: Pulling fs layer
670a101d432b: Pulling fs layer
405bd2df85b6: Pulling fs layer
cc80efff8457: Pulling fs layer
2b9310b2ee4b: Pulling fs layer
6c4aa022e8e1: Pulling fs layer
abddc69cb49d: Pulling fs layer
2b9310b2ee4b: Waiting
abddc69cb49d: Waiting
6c4aa022e8e1: Waiting
405bd2df85b6: Verifying Checksum
405bd2df85b6: Download complete
cc80efff8457: Verifying Checksum
cc80efff8457: Download complete
2b9310b2ee4b: Verifying Checksum
2b9310b2ee4b: Download complete
61320b01ae5e: Verifying Checksum
61320b01ae5e: Download complete
670a101d432b: Verifying Checksum
670a101d432b: Download complete
6c4aa022e8e1: Download complete
abddc69cb49d: Download complete
61320b01ae5e: Pull complete
670a101d432b: Pull complete
405bd2df85b6: Pull complete
cc80efff8457: Pull complete
2b9310b2ee4b: Pull complete
6c4aa022e8e1: Pull complete
abddc69cb49d: Pull complete
Digest: sha256:fb39280b7b9eba5727c884a3c7810002e69e8f961cc373b89c92f14961d903a0
Status: Downloaded newer image for nginx:latest
docker.io/library/nginx:latest
Starting container my-nginx
d5dfcf27b47717d77476faffb2c196d51eb66dcec3669d944b55dba227026e94
2025-06-08 16:28:10 - Setup complete
2025-06-08 17:19:43 - Starting setup
Docker already installed
Creating disk file docker_data/disk.img
Pulling Docker image nginx:latest
latest: Pulling from library/nginx
61320b01ae5e: Pulling fs layer
670a101d432b: Pulling fs layer
405bd2df85b6: Pulling fs layer
cc80efff8457: Pulling fs layer
2b9310b2ee4b: Pulling fs layer
6c4aa022e8e1: Pulling fs layer
abddc69cb49d: Pulling fs layer
2b9310b2ee4b: Waiting
6c4aa022e8e1: Waiting
abddc69cb49d: Waiting
405bd2df85b6: Verifying Checksum
405bd2df85b6: Download complete
cc80efff8457: Verifying Checksum
cc80efff8457: Download complete
61320b01ae5e: Verifying Checksum
61320b01ae5e: Download complete
670a101d432b: Verifying Checksum
670a101d432b: Download complete
2b9310b2ee4b: Verifying Checksum
2b9310b2ee4b: Download complete
6c4aa022e8e1: Verifying Checksum
6c4aa022e8e1: Download complete
abddc69cb49d: Verifying Checksum
abddc69cb49d: Download complete
61320b01ae5e: Pull complete
670a101d432b: Pull complete
405bd2df85b6: Pull complete
cc80efff8457: Pull complete
2b9310b2ee4b: Pull complete
6c4aa022e8e1: Pull complete
abddc69cb49d: Pull complete
Digest: sha256:fb39280b7b9eba5727c884a3c7810002e69e8f961cc373b89c92f14961d903a0
Status: Downloaded newer image for nginx:latest
docker.io/library/nginx:latest
Starting container my-nginx
2cc3a8af0fc568558e9c8e6abe943f8a8ec80a70ead853fb2f4084be1134c125
2025-06-08 17:19:46 - Setup complete
2025-06-08 18:31:33 - Starting setup
Docker already installed
Creating disk file docker_data/disk.img
Pulling Docker image nginx:latest
latest: Pulling from library/nginx
61320b01ae5e: Pulling fs layer
670a101d432b: Pulling fs layer
405bd2df85b6: Pulling fs layer
cc80efff8457: Pulling fs layer
2b9310b2ee4b: Pulling fs layer
6c4aa022e8e1: Pulling fs layer
abddc69cb49d: Pulling fs layer
2b9310b2ee4b: Waiting
6c4aa022e8e1: Waiting
abddc69cb49d: Waiting
cc80efff8457: Waiting
405bd2df85b6: Download complete
cc80efff8457: Verifying Checksum
cc80efff8457: Download complete
2b9310b2ee4b: Verifying Checksum
2b9310b2ee4b: Download complete
6c4aa022e8e1: Verifying Checksum
6c4aa022e8e1: Download complete
61320b01ae5e: Download complete
670a101d432b: Verifying Checksum
670a101d432b: Download complete
abddc69cb49d: Verifying Checksum
abddc69cb49d: Download complete
61320b01ae5e: Pull complete
670a101d432b: Pull complete
405bd2df85b6: Pull complete
cc80efff8457: Pull complete
2b9310b2ee4b: Pull complete
6c4aa022e8e1: Pull complete
abddc69cb49d: Pull complete
Digest: sha256:fb39280b7b9eba5727c884a3c7810002e69e8f961cc373b89c92f14961d903a0
Status: Downloaded newer image for nginx:latest
docker.io/library/nginx:latest
Starting container my-nginx
4ba6228cf5a5c787c93a413da6e685d3c819a080b534d75929404c41f68b47e9
2025-06-08 18:31:39 - Setup complete
2025-06-08 19:18:44 - Starting setup
Docker already installed
Creating disk file docker_data/disk.img
Pulling Docker image nginx:latest
latest: Pulling from library/nginx
61320b01ae5e: Pulling fs layer
670a101d432b: Pulling fs layer
405bd2df85b6: Pulling fs layer
cc80efff8457: Pulling fs layer
2b9310b2ee4b: Pulling fs layer
6c4aa022e8e1: Pulling fs layer
abddc69cb49d: Pulling fs layer
2b9310b2ee4b: Waiting
6c4aa022e8e1: Waiting
cc80efff8457: Waiting
405bd2df85b6: Verifying Checksum
405bd2df85b6: Download complete
61320b01ae5e: Verifying Checksum
61320b01ae5e: Download complete
cc80efff8457: Verifying Checksum
cc80efff8457: Download complete
670a101d432b: Verifying Checksum
670a101d432b: Download complete
2b9310b2ee4b: Verifying Checksum
2b9310b2ee4b: Download complete
6c4aa022e8e1: Verifying Checksum
6c4aa022e8e1: Download complete
abddc69cb49d: Download complete
61320b01ae5e: Pull complete
670a101d432b: Pull complete
405bd2df85b6: Pull complete
cc80efff8457: Pull complete
2b9310b2ee4b: Pull complete
6c4aa022e8e1: Pull complete
abddc69cb49d: Pull complete
Digest: sha256:fb39280b7b9eba5727c884a3c7810002e69e8f961cc373b89c92f14961d903a0
Status: Downloaded newer image for nginx:latest
docker.io/library/nginx:latest
Starting container my-nginx
92f73fab05c16f498ba90a51f4feb0f481f297d050c03eb8aa3d192d6aac5548
2025-06-08 19:18:47 - Setup complete
2025-06-08 20:25:27 - Starting setup
Docker already installed
Creating disk file docker_data/disk.img
Pulling Docker image nginx:latest
latest: Pulling from library/nginx
61320b01ae5e: Pulling fs layer
670a101d432b: Pulling fs layer
405bd2df85b6: Pulling fs layer
cc80efff8457: Pulling fs layer
2b9310b2ee4b: Pulling fs layer
6c4aa022e8e1: Pulling fs layer
abddc69cb49d: Pulling fs layer
2b9310b2ee4b: Waiting
6c4aa022e8e1: Waiting
abddc69cb49d: Waiting
cc80efff8457: Waiting
405bd2df85b6: Verifying Checksum
405bd2df85b6: Download complete
cc80efff8457: Verifying Checksum
cc80efff8457: Download complete
2b9310b2ee4b: Verifying Checksum
2b9310b2ee4b: Download complete
6c4aa022e8e1: Verifying Checksum
6c4aa022e8e1: Download complete
670a101d432b: Verifying Checksum
670a101d432b: Download complete
61320b01ae5e: Verifying Checksum
61320b01ae5e: Download complete
abddc69cb49d: Verifying Checksum
abddc69cb49d: Download complete
61320b01ae5e: Pull complete
670a101d432b: Pull complete
405bd2df85b6: Pull complete
cc80efff8457: Pull complete
2b9310b2ee4b: Pull complete
6c4aa022e8e1: Pull complete
abddc69cb49d: Pull complete
Digest: sha256:fb39280b7b9eba5727c884a3c7810002e69e8f961cc373b89c92f14961d903a0
Status: Downloaded newer image for nginx:latest
docker.io/library/nginx:latest
Starting container my-nginx
7e7e6d9464ac463e2b5cbcd970a75918c94be668a39fd1c74a6d2e19ac373e96
2025-06-08 20:25:31 - Setup complete
2025-06-08 21:21:08 - Starting setup
Docker already installed
Creating disk file docker_data/disk.img
Pulling Docker image nginx:latest
latest: Pulling from library/nginx
61320b01ae5e: Pulling fs layer
670a101d432b: Pulling fs layer
405bd2df85b6: Pulling fs layer
cc80efff8457: Pulling fs layer
2b9310b2ee4b: Pulling fs layer
6c4aa022e8e1: Pulling fs layer
abddc69cb49d: Pulling fs layer
6c4aa022e8e1: Waiting
abddc69cb49d: Waiting
2b9310b2ee4b: Waiting
405bd2df85b6: Verifying Checksum
405bd2df85b6: Download complete
61320b01ae5e: Verifying Checksum
61320b01ae5e: Download complete
cc80efff8457: Verifying Checksum
cc80efff8457: Download complete
670a101d432b: Verifying Checksum
2b9310b2ee4b: Download complete
6c4aa022e8e1: Verifying Checksum
6c4aa022e8e1: Download complete
abddc69cb49d: Download complete
61320b01ae5e: Pull complete
670a101d432b: Pull complete
405bd2df85b6: Pull complete
cc80efff8457: Pull complete
2b9310b2ee4b: Pull complete
6c4aa022e8e1: Pull complete
abddc69cb49d: Pull complete
Digest: sha256:fb39280b7b9eba5727c884a3c7810002e69e8f961cc373b89c92f14961d903a0
Status: Downloaded newer image for nginx:latest
docker.io/library/nginx:latest
Starting container my-nginx
1f20d3398e248e5688eeca5e26aefc5ff7e0dfbe7206803736323992811b0dcd
2025-06-08 21:21:13 - Setup complete
2025-06-08 22:22:27 - Starting setup
Docker already installed
Creating disk file docker_data/disk.img
Pulling Docker image nginx:latest
latest: Pulling from library/nginx
61320b01ae5e: Pulling fs layer
670a101d432b: Pulling fs layer
405bd2df85b6: Pulling fs layer
cc80efff8457: Pulling fs layer
2b9310b2ee4b: Pulling fs layer
6c4aa022e8e1: Pulling fs layer
abddc69cb49d: Pulling fs layer
cc80efff8457: Waiting
2b9310b2ee4b: Waiting
6c4aa022e8e1: Waiting
405bd2df85b6: Verifying Checksum
405bd2df85b6: Download complete
cc80efff8457: Verifying Checksum
cc80efff8457: Download complete
61320b01ae5e: Verifying Checksum
61320b01ae5e: Download complete
670a101d432b: Verifying Checksum
670a101d432b: Download complete
2b9310b2ee4b: Verifying Checksum
2b9310b2ee4b: Download complete
6c4aa022e8e1: Verifying Checksum
6c4aa022e8e1: Download complete
abddc69cb49d: Verifying Checksum
abddc69cb49d: Download complete
61320b01ae5e: Pull complete
670a101d432b: Pull complete
405bd2df85b6: Pull complete
cc80efff8457: Pull complete
2b9310b2ee4b: Pull complete
6c4aa022e8e1: Pull complete
abddc69cb49d: Pull complete
Digest: sha256:fb39280b7b9eba5727c884a3c7810002e69e8f961cc373b89c92f14961d903a0
Status: Downloaded newer image for nginx:latest
docker.io/library/nginx:latest
Starting container my-nginx
dcba4f476c0935f401d25e3985955a4715b4c1f291ef4cf7a543d57d08420c76
2025-06-08 22:22:32 - Setup complete
2025-06-08 23:22:23 - Starting setup
Docker already installed
Creating disk file docker_data/disk.img
Pulling Docker image nginx:latest
latest: Pulling from library/nginx
61320b01ae5e: Pulling fs layer
670a101d432b: Pulling fs layer
405bd2df85b6: Pulling fs layer
cc80efff8457: Pulling fs layer
2b9310b2ee4b: Pulling fs layer
6c4aa022e8e1: Pulling fs layer
abddc69cb49d: Pulling fs layer
2b9310b2ee4b: Waiting
6c4aa022e8e1: Waiting
abddc69cb49d: Waiting
cc80efff8457: Waiting
405bd2df85b6: Verifying Checksum
405bd2df85b6: Download complete
cc80efff8457: Verifying Checksum
cc80efff8457: Download complete
2b9310b2ee4b: Verifying Checksum
2b9310b2ee4b: Download complete
6c4aa022e8e1: Verifying Checksum
6c4aa022e8e1: Download complete
670a101d432b: Verifying Checksum
670a101d432b: Download complete
61320b01ae5e: Verifying Checksum
61320b01ae5e: Download complete
abddc69cb49d: Verifying Checksum
abddc69cb49d: Download complete
61320b01ae5e: Pull complete
670a101d432b: Pull complete
405bd2df85b6: Pull complete
cc80efff8457: Pull complete
2b9310b2ee4b: Pull complete
6c4aa022e8e1: Pull complete
abddc69cb49d: Pull complete
Digest: sha256:fb39280b7b9eba5727c884a3c7810002e69e8f961cc373b89c92f14961d903a0
Status: Downloaded newer image for nginx:latest
docker.io/library/nginx:latest
Starting container my-nginx
da170de1cc60fc8b7804f9245d259219fae640595e3b4e3511ffb67e416d363a
2025-06-08 23:22:27 - Setup complete
2025-06-09 02:08:56 - Starting setup
Docker already installed
Creating disk file docker_data/disk.img
Pulling Docker image nginx:latest
latest: Pulling from library/nginx
61320b01ae5e: Pulling fs layer
670a101d432b: Pulling fs layer
405bd2df85b6: Pulling fs layer
cc80efff8457: Pulling fs layer
2b9310b2ee4b: Pulling fs layer
6c4aa022e8e1: Pulling fs layer
abddc69cb49d: Pulling fs layer
2b9310b2ee4b: Waiting
6c4aa022e8e1: Waiting
abddc69cb49d: Waiting
cc80efff8457: Waiting
405bd2df85b6: Verifying Checksum
405bd2df85b6: Download complete
cc80efff8457: Verifying Checksum
cc80efff8457: Download complete
61320b01ae5e: Download complete
2b9310b2ee4b: Verifying Checksum
2b9310b2ee4b: Download complete
6c4aa022e8e1: Download complete
abddc69cb49d: Verifying Checksum
abddc69cb49d: Download complete
670a101d432b: Verifying Checksum
670a101d432b: Download complete
61320b01ae5e: Pull complete
670a101d432b: Pull complete
405bd2df85b6: Pull complete
cc80efff8457: Pull complete
2b9310b2ee4b: Pull complete
6c4aa022e8e1: Pull complete
abddc69cb49d: Pull complete
Digest: sha256:fb39280b7b9eba5727c884a3c7810002e69e8f961cc373b89c92f14961d903a0
Status: Downloaded newer image for nginx:latest
docker.io/library/nginx:latest
Starting container my-nginx
a62bdfb5f98cada8abbbbd2a7c289b34b6f939b9fe376f25d103d9b1db4602dd
2025-06-09 02:09:00 - Setup complete
